<?xml version="1.0" encoding="UTF-8"?>
<testsuite xmlns:xsi="http://www.w3.org/2001/XMLSchema-instance" xsi:noNamespaceSchemaLocation="https://maven.apache.org/surefire/maven-surefire-plugin/xsd/surefire-test-report-3.0.xsd" version="3.0" name="runners.TestRunner" time="47.995" tests="5" errors="1" skipped="0" failures="0">
  <properties>
    <property name="java.specification.version" value="17"/>
    <property name="sun.cpu.isalist" value="amd64"/>
    <property name="sun.jnu.encoding" value="Cp1252"/>
    <property name="java.class.path" value="C:\Users\Abhishek_Gupta3\IdeaProjects\SMPCLPAutomation\target\test-classes;C:\Users\Abhishek_Gupta3\IdeaProjects\SMPCLPAutomation\target\classes;C:\Users\Abhishek_Gupta3\.m2\repository\org\seleniumhq\selenium\selenium-java\4.9.1\selenium-java-4.9.1.jar;C:\Users\Abhishek_Gupta3\.m2\repository\org\seleniumhq\selenium\selenium-api\4.9.1\selenium-api-4.9.1.jar;C:\Users\Abhishek_Gupta3\.m2\repository\org\seleniumhq\selenium\selenium-chrome-driver\4.9.1\selenium-chrome-driver-4.9.1.jar;C:\Users\Abhishek_Gupta3\.m2\repository\com\google\auto\service\auto-service-annotations\1.0.1\auto-service-annotations-1.0.1.jar;C:\Users\Abhishek_Gupta3\.m2\repository\com\google\auto\service\auto-service\1.0.1\auto-service-1.0.1.jar;C:\Users\Abhishek_Gupta3\.m2\repository\com\google\auto\auto-common\1.2\auto-common-1.2.jar;C:\Users\Abhishek_Gupta3\.m2\repository\org\seleniumhq\selenium\selenium-chromium-driver\4.9.1\selenium-chromium-driver-4.9.1.jar;C:\Users\Abhishek_Gupta3\.m2\repository\org\seleniumhq\selenium\selenium-json\4.9.1\selenium-json-4.9.1.jar;C:\Users\Abhishek_Gupta3\.m2\repository\org\seleniumhq\selenium\selenium-manager\4.9.1\selenium-manager-4.9.1.jar;C:\Users\Abhishek_Gupta3\.m2\repository\org\seleniumhq\selenium\selenium-devtools-v111\4.9.1\selenium-devtools-v111-4.9.1.jar;C:\Users\Abhishek_Gupta3\.m2\repository\org\seleniumhq\selenium\selenium-devtools-v112\4.9.1\selenium-devtools-v112-4.9.1.jar;C:\Users\Abhishek_Gupta3\.m2\repository\org\seleniumhq\selenium\selenium-devtools-v113\4.9.1\selenium-devtools-v113-4.9.1.jar;C:\Users\Abhishek_Gupta3\.m2\repository\org\seleniumhq\selenium\selenium-devtools-v85\4.9.1\selenium-devtools-v85-4.9.1.jar;C:\Users\Abhishek_Gupta3\.m2\repository\org\seleniumhq\selenium\selenium-edge-driver\4.9.1\selenium-edge-driver-4.9.1.jar;C:\Users\Abhishek_Gupta3\.m2\repository\org\seleniumhq\selenium\selenium-firefox-driver\4.9.1\selenium-firefox-driver-4.9.1.jar;C:\Users\Abhishek_Gupta3\.m2\repository\org\seleniumhq\selenium\selenium-http\4.9.1\selenium-http-4.9.1.jar;C:\Users\Abhishek_Gupta3\.m2\repository\dev\failsafe\failsafe\3.3.1\failsafe-3.3.1.jar;C:\Users\Abhishek_Gupta3\.m2\repository\org\seleniumhq\selenium\selenium-ie-driver\4.9.1\selenium-ie-driver-4.9.1.jar;C:\Users\Abhishek_Gupta3\.m2\repository\org\seleniumhq\selenium\selenium-remote-driver\4.9.1\selenium-remote-driver-4.9.1.jar;C:\Users\Abhishek_Gupta3\.m2\repository\com\beust\jcommander\1.82\jcommander-1.82.jar;C:\Users\Abhishek_Gupta3\.m2\repository\io\netty\netty-buffer\4.1.91.Final\netty-buffer-4.1.91.Final.jar;C:\Users\Abhishek_Gupta3\.m2\repository\io\netty\netty-codec-http\4.1.91.Final\netty-codec-http-4.1.91.Final.jar;C:\Users\Abhishek_Gupta3\.m2\repository\io\netty\netty-codec\4.1.91.Final\netty-codec-4.1.91.Final.jar;C:\Users\Abhishek_Gupta3\.m2\repository\io\netty\netty-handler\4.1.91.Final\netty-handler-4.1.91.Final.jar;C:\Users\Abhishek_Gupta3\.m2\repository\io\netty\netty-common\4.1.91.Final\netty-common-4.1.91.Final.jar;C:\Users\Abhishek_Gupta3\.m2\repository\io\netty\netty-transport-classes-epoll\4.1.91.Final\netty-transport-classes-epoll-4.1.91.Final.jar;C:\Users\Abhishek_Gupta3\.m2\repository\io\netty\netty-transport-classes-kqueue\4.1.91.Final\netty-transport-classes-kqueue-4.1.91.Final.jar;C:\Users\Abhishek_Gupta3\.m2\repository\io\netty\netty-transport-native-epoll\4.1.91.Final\netty-transport-native-epoll-4.1.91.Final.jar;C:\Users\Abhishek_Gupta3\.m2\repository\io\netty\netty-transport-native-kqueue\4.1.91.Final\netty-transport-native-kqueue-4.1.91.Final.jar;C:\Users\Abhishek_Gupta3\.m2\repository\io\netty\netty-transport-native-unix-common\4.1.91.Final\netty-transport-native-unix-common-4.1.91.Final.jar;C:\Users\Abhishek_Gupta3\.m2\repository\io\netty\netty-transport\4.1.91.Final\netty-transport-4.1.91.Final.jar;C:\Users\Abhishek_Gupta3\.m2\repository\io\netty\netty-resolver\4.1.91.Final\netty-resolver-4.1.91.Final.jar;C:\Users\Abhishek_Gupta3\.m2\repository\io\opentelemetry\opentelemetry-api\1.25.0\opentelemetry-api-1.25.0.jar;C:\Users\Abhishek_Gupta3\.m2\repository\io\opentelemetry\opentelemetry-context\1.25.0\opentelemetry-context-1.25.0.jar;C:\Users\Abhishek_Gupta3\.m2\repository\io\opentelemetry\opentelemetry-exporter-logging\1.25.0\opentelemetry-exporter-logging-1.25.0.jar;C:\Users\Abhishek_Gupta3\.m2\repository\io\opentelemetry\opentelemetry-sdk-metrics\1.25.0\opentelemetry-sdk-metrics-1.25.0.jar;C:\Users\Abhishek_Gupta3\.m2\repository\io\opentelemetry\opentelemetry-sdk-logs\1.25.0-alpha\opentelemetry-sdk-logs-1.25.0-alpha.jar;C:\Users\Abhishek_Gupta3\.m2\repository\io\opentelemetry\opentelemetry-api-logs\1.25.0-alpha\opentelemetry-api-logs-1.25.0-alpha.jar;C:\Users\Abhishek_Gupta3\.m2\repository\io\opentelemetry\opentelemetry-api-events\1.25.0-alpha\opentelemetry-api-events-1.25.0-alpha.jar;C:\Users\Abhishek_Gupta3\.m2\repository\io\opentelemetry\opentelemetry-sdk-common\1.25.0\opentelemetry-sdk-common-1.25.0.jar;C:\Users\Abhishek_Gupta3\.m2\repository\io\opentelemetry\opentelemetry-sdk-extension-autoconfigure-spi\1.25.0\opentelemetry-sdk-extension-autoconfigure-spi-1.25.0.jar;C:\Users\Abhishek_Gupta3\.m2\repository\io\opentelemetry\opentelemetry-sdk-extension-autoconfigure\1.25.0-alpha\opentelemetry-sdk-extension-autoconfigure-1.25.0-alpha.jar;C:\Users\Abhishek_Gupta3\.m2\repository\io\opentelemetry\opentelemetry-sdk-trace\1.25.0\opentelemetry-sdk-trace-1.25.0.jar;C:\Users\Abhishek_Gupta3\.m2\repository\io\opentelemetry\opentelemetry-sdk\1.25.0\opentelemetry-sdk-1.25.0.jar;C:\Users\Abhishek_Gupta3\.m2\repository\io\opentelemetry\opentelemetry-semconv\1.25.0-alpha\opentelemetry-semconv-1.25.0-alpha.jar;C:\Users\Abhishek_Gupta3\.m2\repository\io\ous\jtoml\2.0.0\jtoml-2.0.0.jar;C:\Users\Abhishek_Gupta3\.m2\repository\net\bytebuddy\byte-buddy\1.14.4\byte-buddy-1.14.4.jar;C:\Users\Abhishek_Gupta3\.m2\repository\org\apache\commons\commons-exec\1.3\commons-exec-1.3.jar;C:\Users\Abhishek_Gupta3\.m2\repository\org\asynchttpclient\async-http-client\2.12.3\async-http-client-2.12.3.jar;C:\Users\Abhishek_Gupta3\.m2\repository\org\asynchttpclient\async-http-client-netty-utils\2.12.3\async-http-client-netty-utils-2.12.3.jar;C:\Users\Abhishek_Gupta3\.m2\repository\io\netty\netty-codec-socks\4.1.60.Final\netty-codec-socks-4.1.60.Final.jar;C:\Users\Abhishek_Gupta3\.m2\repository\io\netty\netty-handler-proxy\4.1.60.Final\netty-handler-proxy-4.1.60.Final.jar;C:\Users\Abhishek_Gupta3\.m2\repository\io\netty\netty-transport-native-epoll\4.1.60.Final\netty-transport-native-epoll-4.1.60.Final-linux-x86_64.jar;C:\Users\Abhishek_Gupta3\.m2\repository\io\netty\netty-transport-native-kqueue\4.1.60.Final\netty-transport-native-kqueue-4.1.60.Final-osx-x86_64.jar;C:\Users\Abhishek_Gupta3\.m2\repository\com\typesafe\netty\netty-reactive-streams\2.0.4\netty-reactive-streams-2.0.4.jar;C:\Users\Abhishek_Gupta3\.m2\repository\com\sun\activation\jakarta.activation\1.2.2\jakarta.activation-1.2.2.jar;C:\Users\Abhishek_Gupta3\.m2\repository\org\seleniumhq\selenium\selenium-safari-driver\4.9.1\selenium-safari-driver-4.9.1.jar;C:\Users\Abhishek_Gupta3\.m2\repository\org\seleniumhq\selenium\selenium-support\4.9.1\selenium-support-4.9.1.jar;C:\Users\Abhishek_Gupta3\.m2\repository\io\github\bonigarcia\webdrivermanager\5.3.3\webdrivermanager-5.3.3.jar;C:\Users\Abhishek_Gupta3\.m2\repository\org\slf4j\slf4j-api\2.0.7\slf4j-api-2.0.7.jar;C:\Users\Abhishek_Gupta3\.m2\repository\com\google\code\gson\gson\2.10.1\gson-2.10.1.jar;C:\Users\Abhishek_Gupta3\.m2\repository\com\github\docker-java\docker-java\3.3.0\docker-java-3.3.0.jar;C:\Users\Abhishek_Gupta3\.m2\repository\com\github\docker-java\docker-java-core\3.3.0\docker-java-core-3.3.0.jar;C:\Users\Abhishek_Gupta3\.m2\repository\com\github\docker-java\docker-java-api\3.3.0\docker-java-api-3.3.0.jar;C:\Users\Abhishek_Gupta3\.m2\repository\com\fasterxml\jackson\core\jackson-annotations\2.10.3\jackson-annotations-2.10.3.jar;C:\Users\Abhishek_Gupta3\.m2\repository\com\fasterxml\jackson\core\jackson-databind\2.10.3\jackson-databind-2.10.3.jar;C:\Users\Abhishek_Gupta3\.m2\repository\com\fasterxml\jackson\core\jackson-core\2.10.3\jackson-core-2.10.3.jar;C:\Users\Abhishek_Gupta3\.m2\repository\org\bouncycastle\bcpkix-jdk15on\1.64\bcpkix-jdk15on-1.64.jar;C:\Users\Abhishek_Gupta3\.m2\repository\org\bouncycastle\bcprov-jdk15on\1.64\bcprov-jdk15on-1.64.jar;C:\Users\Abhishek_Gupta3\.m2\repository\org\slf4j\jcl-over-slf4j\1.7.30\jcl-over-slf4j-1.7.30.jar;C:\Users\Abhishek_Gupta3\.m2\repository\com\github\docker-java\docker-java-transport-httpclient5\3.3.0\docker-java-transport-httpclient5-3.3.0.jar;C:\Users\Abhishek_Gupta3\.m2\repository\com\github\docker-java\docker-java-transport\3.3.0\docker-java-transport-3.3.0.jar;C:\Users\Abhishek_Gupta3\.m2\repository\net\java\dev\jna\jna\5.12.1\jna-5.12.1.jar;C:\Users\Abhishek_Gupta3\.m2\repository\org\brotli\dec\0.1.2\dec-0.1.2.jar;C:\Users\Abhishek_Gupta3\.m2\repository\org\apache\commons\commons-lang3\3.12.0\commons-lang3-3.12.0.jar;C:\Users\Abhishek_Gupta3\.m2\repository\org\apache\httpcomponents\client5\httpclient5\5.2.1\httpclient5-5.2.1.jar;C:\Users\Abhishek_Gupta3\.m2\repository\org\apache\httpcomponents\core5\httpcore5\5.2\httpcore5-5.2.jar;C:\Users\Abhishek_Gupta3\.m2\repository\org\apache\httpcomponents\core5\httpcore5-h2\5.2\httpcore5-h2-5.2.jar;C:\Users\Abhishek_Gupta3\.m2\repository\com\google\guava\guava\31.0.1-jre\guava-31.0.1-jre.jar;C:\Users\Abhishek_Gupta3\.m2\repository\com\google\guava\failureaccess\1.0.1\failureaccess-1.0.1.jar;C:\Users\Abhishek_Gupta3\.m2\repository\com\google\guava\listenablefuture\9999.0-empty-to-avoid-conflict-with-guava\listenablefuture-9999.0-empty-to-avoid-conflict-with-guava.jar;C:\Users\Abhishek_Gupta3\.m2\repository\com\google\code\findbugs\jsr305\3.0.2\jsr305-3.0.2.jar;C:\Users\Abhishek_Gupta3\.m2\repository\org\checkerframework\checker-qual\3.12.0\checker-qual-3.12.0.jar;C:\Users\Abhishek_Gupta3\.m2\repository\com\google\errorprone\error_prone_annotations\2.7.1\error_prone_annotations-2.7.1.jar;C:\Users\Abhishek_Gupta3\.m2\repository\com\google\j2objc\j2objc-annotations\1.3\j2objc-annotations-1.3.jar;C:\Users\Abhishek_Gupta3\.m2\repository\org\slf4j\slf4j-simple\2.0.5\slf4j-simple-2.0.5.jar;C:\Users\Abhishek_Gupta3\.m2\repository\org\apache\logging\log4j\log4j-core\2.19.0\log4j-core-2.19.0.jar;C:\Users\Abhishek_Gupta3\.m2\repository\org\apache\logging\log4j\log4j-api\2.19.0\log4j-api-2.19.0.jar;C:\Users\Abhishek_Gupta3\.m2\repository\tech\grasshopper\extentreports-cucumber7-adapter\1.9.2\extentreports-cucumber7-adapter-1.9.2.jar;C:\Users\Abhishek_Gupta3\.m2\repository\com\aventstack\klov-reporter\5.0.9\klov-reporter-5.0.9.jar;C:\Users\Abhishek_Gupta3\.m2\repository\org\mongodb\mongodb-driver\3.6.4\mongodb-driver-3.6.4.jar;C:\Users\Abhishek_Gupta3\.m2\repository\org\mongodb\mongodb-driver-core\3.6.4\mongodb-driver-core-3.6.4.jar;C:\Users\Abhishek_Gupta3\.m2\repository\org\mongodb\bson\3.6.4\bson-3.6.4.jar;C:\Users\Abhishek_Gupta3\.m2\repository\org\apache\httpcomponents\httpmime\4.5.13\httpmime-4.5.13.jar;C:\Users\Abhishek_Gupta3\.m2\repository\tech\grasshopper\htmlextentreporter\1.0.1\htmlextentreporter-1.0.1.jar;C:\Users\Abhishek_Gupta3\.m2\repository\tech\grasshopper\extent-pdf-report\2.8.0\extent-pdf-report-2.8.0.jar;C:\Users\Abhishek_Gupta3\.m2\repository\tech\grasshopper\cucumber-pdf-report\2.11.0\cucumber-pdf-report-2.11.0.jar;C:\Users\Abhishek_Gupta3\.m2\repository\org\apache\pdfbox\pdfbox\2.0.26\pdfbox-2.0.26.jar;C:\Users\Abhishek_Gupta3\.m2\repository\org\apache\pdfbox\fontbox\2.0.26\fontbox-2.0.26.jar;C:\Users\Abhishek_Gupta3\.m2\repository\org\knowm\xchart\xchart\3.8.0\xchart-3.8.0.jar;C:\Users\Abhishek_Gupta3\.m2\repository\de\erichseifert\vectorgraphics2d\VectorGraphics2D\0.13\VectorGraphics2D-0.13.jar;C:\Users\Abhishek_Gupta3\.m2\repository\de\rototor\pdfbox\graphics2d\0.30\graphics2d-0.30.jar;C:\Users\Abhishek_Gupta3\.m2\repository\com\madgag\animated-gif-lib\1.4\animated-gif-lib-1.4.jar;C:\Users\Abhishek_Gupta3\.m2\repository\org\yaml\snakeyaml\1.28\snakeyaml-1.28.jar;C:\Users\Abhishek_Gupta3\.m2\repository\tech\grasshopper\table-layout\1.5.1\table-layout-1.5.1.jar;C:\Users\Abhishek_Gupta3\.m2\repository\tech\grasshopper\rest-assured-cucumber-pdf-report\1.4.1\rest-assured-cucumber-pdf-report-1.4.1.jar;C:\Users\Abhishek_Gupta3\.m2\repository\org\jsoup\jsoup\1.14.3\jsoup-1.14.3.jar;C:\Users\Abhishek_Gupta3\.m2\repository\com\vimalselvam\cucumber-extentsreport\3.1.1\cucumber-extentsreport-3.1.1.jar;C:\Users\Abhishek_Gupta3\.m2\repository\com\aventstack\extentreports\5.0.9\extentreports-5.0.9.jar;C:\Users\Abhishek_Gupta3\.m2\repository\io\reactivex\rxjava3\rxjava\3.0.4\rxjava-3.0.4.jar;C:\Users\Abhishek_Gupta3\.m2\repository\org\reactivestreams\reactive-streams\1.0.3\reactive-streams-1.0.3.jar;C:\Users\Abhishek_Gupta3\.m2\repository\org\freemarker\freemarker\2.3.30\freemarker-2.3.30.jar;C:\Users\Abhishek_Gupta3\.m2\repository\org\aspectj\aspectjweaver\1.9.19\aspectjweaver-1.9.19.jar;C:\Users\Abhishek_Gupta3\.m2\repository\org\projectlombok\lombok\1.18.22\lombok-1.18.22.jar;C:\Users\Abhishek_Gupta3\.m2\repository\org\dom4j\dom4j\2.1.3\dom4j-2.1.3.jar;C:\Users\Abhishek_Gupta3\.m2\repository\org\apache\poi\poi\5.2.3\poi-5.2.3.jar;C:\Users\Abhishek_Gupta3\.m2\repository\commons-codec\commons-codec\1.15\commons-codec-1.15.jar;C:\Users\Abhishek_Gupta3\.m2\repository\org\apache\commons\commons-collections4\4.4\commons-collections4-4.4.jar;C:\Users\Abhishek_Gupta3\.m2\repository\org\apache\commons\commons-math3\3.6.1\commons-math3-3.6.1.jar;C:\Users\Abhishek_Gupta3\.m2\repository\commons-io\commons-io\2.11.0\commons-io-2.11.0.jar;C:\Users\Abhishek_Gupta3\.m2\repository\com\zaxxer\SparseBitSet\1.2\SparseBitSet-1.2.jar;C:\Users\Abhishek_Gupta3\.m2\repository\org\apache\poi\poi-ooxml\5.2.3\poi-ooxml-5.2.3.jar;C:\Users\Abhishek_Gupta3\.m2\repository\org\apache\poi\poi-ooxml-lite\5.2.3\poi-ooxml-lite-5.2.3.jar;C:\Users\Abhishek_Gupta3\.m2\repository\org\apache\commons\commons-compress\1.21\commons-compress-1.21.jar;C:\Users\Abhishek_Gupta3\.m2\repository\com\github\virtuald\curvesapi\1.07\curvesapi-1.07.jar;C:\Users\Abhishek_Gupta3\.m2\repository\org\apache\poi\poi-ooxml-schemas\4.1.2\poi-ooxml-schemas-4.1.2.jar;C:\Users\Abhishek_Gupta3\.m2\repository\org\apache\xmlbeans\xmlbeans\5.1.1\xmlbeans-5.1.1.jar;C:\Users\Abhishek_Gupta3\.m2\repository\io\appium\java-client\7.3.0\java-client-7.3.0.jar;C:\Users\Abhishek_Gupta3\.m2\repository\org\apache\httpcomponents\httpclient\4.5.9\httpclient-4.5.9.jar;C:\Users\Abhishek_Gupta3\.m2\repository\org\apache\httpcomponents\httpcore\4.4.11\httpcore-4.4.11.jar;C:\Users\Abhishek_Gupta3\.m2\repository\commons-logging\commons-logging\1.2\commons-logging-1.2.jar;C:\Users\Abhishek_Gupta3\.m2\repository\cglib\cglib\3.2.12\cglib-3.2.12.jar;C:\Users\Abhishek_Gupta3\.m2\repository\org\ow2\asm\asm\7.1\asm-7.1.jar;C:\Users\Abhishek_Gupta3\.m2\repository\commons-validator\commons-validator\1.6\commons-validator-1.6.jar;C:\Users\Abhishek_Gupta3\.m2\repository\commons-beanutils\commons-beanutils\1.9.2\commons-beanutils-1.9.2.jar;C:\Users\Abhishek_Gupta3\.m2\repository\commons-digester\commons-digester\1.8.1\commons-digester-1.8.1.jar;C:\Users\Abhishek_Gupta3\.m2\repository\commons-collections\commons-collections\3.2.2\commons-collections-3.2.2.jar;C:\Users\Abhishek_Gupta3\.m2\repository\org\springframework\spring-context\5.1.8.RELEASE\spring-context-5.1.8.RELEASE.jar;C:\Users\Abhishek_Gupta3\.m2\repository\org\springframework\spring-aop\5.1.8.RELEASE\spring-aop-5.1.8.RELEASE.jar;C:\Users\Abhishek_Gupta3\.m2\repository\org\springframework\spring-beans\5.1.8.RELEASE\spring-beans-5.1.8.RELEASE.jar;C:\Users\Abhishek_Gupta3\.m2\repository\org\springframework\spring-core\5.1.8.RELEASE\spring-core-5.1.8.RELEASE.jar;C:\Users\Abhishek_Gupta3\.m2\repository\org\springframework\spring-jcl\5.1.8.RELEASE\spring-jcl-5.1.8.RELEASE.jar;C:\Users\Abhishek_Gupta3\.m2\repository\org\springframework\spring-expression\5.1.8.RELEASE\spring-expression-5.1.8.RELEASE.jar;C:\Users\Abhishek_Gupta3\.m2\repository\io\cucumber\cucumber-java\7.1.0\cucumber-java-7.1.0.jar;C:\Users\Abhishek_Gupta3\.m2\repository\io\cucumber\cucumber-core\7.1.0\cucumber-core-7.1.0.jar;C:\Users\Abhishek_Gupta3\.m2\repository\io\cucumber\cucumber-gherkin\7.1.0\cucumber-gherkin-7.1.0.jar;C:\Users\Abhishek_Gupta3\.m2\repository\io\cucumber\cucumber-gherkin-messages\7.1.0\cucumber-gherkin-messages-7.1.0.jar;C:\Users\Abhishek_Gupta3\.m2\repository\io\cucumber\messages\17.1.1\messages-17.1.1.jar;C:\Users\Abhishek_Gupta3\.m2\repository\io\cucumber\tag-expressions\4.1.0\tag-expressions-4.1.0.jar;C:\Users\Abhishek_Gupta3\.m2\repository\io\cucumber\cucumber-expressions\13.0.1\cucumber-expressions-13.0.1.jar;C:\Users\Abhishek_Gupta3\.m2\repository\io\cucumber\datatable\7.1.0\datatable-7.1.0.jar;C:\Users\Abhishek_Gupta3\.m2\repository\io\cucumber\cucumber-plugin\7.1.0\cucumber-plugin-7.1.0.jar;C:\Users\Abhishek_Gupta3\.m2\repository\io\cucumber\docstring\7.1.0\docstring-7.1.0.jar;C:\Users\Abhishek_Gupta3\.m2\repository\io\cucumber\html-formatter\17.0.0\html-formatter-17.0.0.jar;C:\Users\Abhishek_Gupta3\.m2\repository\io\cucumber\create-meta\6.0.4\create-meta-6.0.4.jar;C:\Users\Abhishek_Gupta3\.m2\repository\org\apiguardian\apiguardian-api\1.1.2\apiguardian-api-1.1.2.jar;C:\Users\Abhishek_Gupta3\.m2\repository\io\cucumber\cucumber-picocontainer\7.1.0\cucumber-picocontainer-7.1.0.jar;C:\Users\Abhishek_Gupta3\.m2\repository\org\picocontainer\picocontainer\2.15\picocontainer-2.15.jar;C:\Users\Abhishek_Gupta3\.m2\repository\io\cucumber\cucumber-junit\7.1.0\cucumber-junit-7.1.0.jar;C:\Users\Abhishek_Gupta3\.m2\repository\junit\junit\4.13.2\junit-4.13.2.jar;C:\Users\Abhishek_Gupta3\.m2\repository\org\hamcrest\hamcrest-core\1.3\hamcrest-core-1.3.jar;"/>
    <property name="java.vm.vendor" value="Oracle Corporation"/>
    <property name="sun.arch.data.model" value="64"/>
    <property name="user.variant" value=""/>
    <property name="java.vendor.url" value="https://java.oracle.com/"/>
    <property name="user.timezone" value="Asia/Hong_Kong"/>
    <property name="os.name" value="Windows 10"/>
    <property name="java.vm.specification.version" value="17"/>
    <property name="sun.java.launcher" value="SUN_STANDARD"/>
    <property name="user.country" value="HK"/>
    <property name="sun.boot.library.path" value="C:\Program Files\Java\jdk-17.0.2\bin"/>
    <property name="sun.java.command" value="C:\Users\Abhishek_Gupta3\AppData\Local\Temp\surefire1578466216636738056\surefirebooter-20230529103847553_3.jar C:\Users\Abhishek_Gupta3\AppData\Local\Temp\surefire1578466216636738056 2023-05-29T10-38-47_401-jvmRun1 surefire-20230529103847553_1tmp surefire_0-20230529103847553_2tmp"/>
    <property name="jdk.debug" value="release"/>
    <property name="surefire.test.class.path" value="C:\Users\Abhishek_Gupta3\IdeaProjects\SMPCLPAutomation\target\test-classes;C:\Users\Abhishek_Gupta3\IdeaProjects\SMPCLPAutomation\target\classes;C:\Users\Abhishek_Gupta3\.m2\repository\org\seleniumhq\selenium\selenium-java\4.9.1\selenium-java-4.9.1.jar;C:\Users\Abhishek_Gupta3\.m2\repository\org\seleniumhq\selenium\selenium-api\4.9.1\selenium-api-4.9.1.jar;C:\Users\Abhishek_Gupta3\.m2\repository\org\seleniumhq\selenium\selenium-chrome-driver\4.9.1\selenium-chrome-driver-4.9.1.jar;C:\Users\Abhishek_Gupta3\.m2\repository\com\google\auto\service\auto-service-annotations\1.0.1\auto-service-annotations-1.0.1.jar;C:\Users\Abhishek_Gupta3\.m2\repository\com\google\auto\service\auto-service\1.0.1\auto-service-1.0.1.jar;C:\Users\Abhishek_Gupta3\.m2\repository\com\google\auto\auto-common\1.2\auto-common-1.2.jar;C:\Users\Abhishek_Gupta3\.m2\repository\org\seleniumhq\selenium\selenium-chromium-driver\4.9.1\selenium-chromium-driver-4.9.1.jar;C:\Users\Abhishek_Gupta3\.m2\repository\org\seleniumhq\selenium\selenium-json\4.9.1\selenium-json-4.9.1.jar;C:\Users\Abhishek_Gupta3\.m2\repository\org\seleniumhq\selenium\selenium-manager\4.9.1\selenium-manager-4.9.1.jar;C:\Users\Abhishek_Gupta3\.m2\repository\org\seleniumhq\selenium\selenium-devtools-v111\4.9.1\selenium-devtools-v111-4.9.1.jar;C:\Users\Abhishek_Gupta3\.m2\repository\org\seleniumhq\selenium\selenium-devtools-v112\4.9.1\selenium-devtools-v112-4.9.1.jar;C:\Users\Abhishek_Gupta3\.m2\repository\org\seleniumhq\selenium\selenium-devtools-v113\4.9.1\selenium-devtools-v113-4.9.1.jar;C:\Users\Abhishek_Gupta3\.m2\repository\org\seleniumhq\selenium\selenium-devtools-v85\4.9.1\selenium-devtools-v85-4.9.1.jar;C:\Users\Abhishek_Gupta3\.m2\repository\org\seleniumhq\selenium\selenium-edge-driver\4.9.1\selenium-edge-driver-4.9.1.jar;C:\Users\Abhishek_Gupta3\.m2\repository\org\seleniumhq\selenium\selenium-firefox-driver\4.9.1\selenium-firefox-driver-4.9.1.jar;C:\Users\Abhishek_Gupta3\.m2\repository\org\seleniumhq\selenium\selenium-http\4.9.1\selenium-http-4.9.1.jar;C:\Users\Abhishek_Gupta3\.m2\repository\dev\failsafe\failsafe\3.3.1\failsafe-3.3.1.jar;C:\Users\Abhishek_Gupta3\.m2\repository\org\seleniumhq\selenium\selenium-ie-driver\4.9.1\selenium-ie-driver-4.9.1.jar;C:\Users\Abhishek_Gupta3\.m2\repository\org\seleniumhq\selenium\selenium-remote-driver\4.9.1\selenium-remote-driver-4.9.1.jar;C:\Users\Abhishek_Gupta3\.m2\repository\com\beust\jcommander\1.82\jcommander-1.82.jar;C:\Users\Abhishek_Gupta3\.m2\repository\io\netty\netty-buffer\4.1.91.Final\netty-buffer-4.1.91.Final.jar;C:\Users\Abhishek_Gupta3\.m2\repository\io\netty\netty-codec-http\4.1.91.Final\netty-codec-http-4.1.91.Final.jar;C:\Users\Abhishek_Gupta3\.m2\repository\io\netty\netty-codec\4.1.91.Final\netty-codec-4.1.91.Final.jar;C:\Users\Abhishek_Gupta3\.m2\repository\io\netty\netty-handler\4.1.91.Final\netty-handler-4.1.91.Final.jar;C:\Users\Abhishek_Gupta3\.m2\repository\io\netty\netty-common\4.1.91.Final\netty-common-4.1.91.Final.jar;C:\Users\Abhishek_Gupta3\.m2\repository\io\netty\netty-transport-classes-epoll\4.1.91.Final\netty-transport-classes-epoll-4.1.91.Final.jar;C:\Users\Abhishek_Gupta3\.m2\repository\io\netty\netty-transport-classes-kqueue\4.1.91.Final\netty-transport-classes-kqueue-4.1.91.Final.jar;C:\Users\Abhishek_Gupta3\.m2\repository\io\netty\netty-transport-native-epoll\4.1.91.Final\netty-transport-native-epoll-4.1.91.Final.jar;C:\Users\Abhishek_Gupta3\.m2\repository\io\netty\netty-transport-native-kqueue\4.1.91.Final\netty-transport-native-kqueue-4.1.91.Final.jar;C:\Users\Abhishek_Gupta3\.m2\repository\io\netty\netty-transport-native-unix-common\4.1.91.Final\netty-transport-native-unix-common-4.1.91.Final.jar;C:\Users\Abhishek_Gupta3\.m2\repository\io\netty\netty-transport\4.1.91.Final\netty-transport-4.1.91.Final.jar;C:\Users\Abhishek_Gupta3\.m2\repository\io\netty\netty-resolver\4.1.91.Final\netty-resolver-4.1.91.Final.jar;C:\Users\Abhishek_Gupta3\.m2\repository\io\opentelemetry\opentelemetry-api\1.25.0\opentelemetry-api-1.25.0.jar;C:\Users\Abhishek_Gupta3\.m2\repository\io\opentelemetry\opentelemetry-context\1.25.0\opentelemetry-context-1.25.0.jar;C:\Users\Abhishek_Gupta3\.m2\repository\io\opentelemetry\opentelemetry-exporter-logging\1.25.0\opentelemetry-exporter-logging-1.25.0.jar;C:\Users\Abhishek_Gupta3\.m2\repository\io\opentelemetry\opentelemetry-sdk-metrics\1.25.0\opentelemetry-sdk-metrics-1.25.0.jar;C:\Users\Abhishek_Gupta3\.m2\repository\io\opentelemetry\opentelemetry-sdk-logs\1.25.0-alpha\opentelemetry-sdk-logs-1.25.0-alpha.jar;C:\Users\Abhishek_Gupta3\.m2\repository\io\opentelemetry\opentelemetry-api-logs\1.25.0-alpha\opentelemetry-api-logs-1.25.0-alpha.jar;C:\Users\Abhishek_Gupta3\.m2\repository\io\opentelemetry\opentelemetry-api-events\1.25.0-alpha\opentelemetry-api-events-1.25.0-alpha.jar;C:\Users\Abhishek_Gupta3\.m2\repository\io\opentelemetry\opentelemetry-sdk-common\1.25.0\opentelemetry-sdk-common-1.25.0.jar;C:\Users\Abhishek_Gupta3\.m2\repository\io\opentelemetry\opentelemetry-sdk-extension-autoconfigure-spi\1.25.0\opentelemetry-sdk-extension-autoconfigure-spi-1.25.0.jar;C:\Users\Abhishek_Gupta3\.m2\repository\io\opentelemetry\opentelemetry-sdk-extension-autoconfigure\1.25.0-alpha\opentelemetry-sdk-extension-autoconfigure-1.25.0-alpha.jar;C:\Users\Abhishek_Gupta3\.m2\repository\io\opentelemetry\opentelemetry-sdk-trace\1.25.0\opentelemetry-sdk-trace-1.25.0.jar;C:\Users\Abhishek_Gupta3\.m2\repository\io\opentelemetry\opentelemetry-sdk\1.25.0\opentelemetry-sdk-1.25.0.jar;C:\Users\Abhishek_Gupta3\.m2\repository\io\opentelemetry\opentelemetry-semconv\1.25.0-alpha\opentelemetry-semconv-1.25.0-alpha.jar;C:\Users\Abhishek_Gupta3\.m2\repository\io\ous\jtoml\2.0.0\jtoml-2.0.0.jar;C:\Users\Abhishek_Gupta3\.m2\repository\net\bytebuddy\byte-buddy\1.14.4\byte-buddy-1.14.4.jar;C:\Users\Abhishek_Gupta3\.m2\repository\org\apache\commons\commons-exec\1.3\commons-exec-1.3.jar;C:\Users\Abhishek_Gupta3\.m2\repository\org\asynchttpclient\async-http-client\2.12.3\async-http-client-2.12.3.jar;C:\Users\Abhishek_Gupta3\.m2\repository\org\asynchttpclient\async-http-client-netty-utils\2.12.3\async-http-client-netty-utils-2.12.3.jar;C:\Users\Abhishek_Gupta3\.m2\repository\io\netty\netty-codec-socks\4.1.60.Final\netty-codec-socks-4.1.60.Final.jar;C:\Users\Abhishek_Gupta3\.m2\repository\io\netty\netty-handler-proxy\4.1.60.Final\netty-handler-proxy-4.1.60.Final.jar;C:\Users\Abhishek_Gupta3\.m2\repository\io\netty\netty-transport-native-epoll\4.1.60.Final\netty-transport-native-epoll-4.1.60.Final-linux-x86_64.jar;C:\Users\Abhishek_Gupta3\.m2\repository\io\netty\netty-transport-native-kqueue\4.1.60.Final\netty-transport-native-kqueue-4.1.60.Final-osx-x86_64.jar;C:\Users\Abhishek_Gupta3\.m2\repository\com\typesafe\netty\netty-reactive-streams\2.0.4\netty-reactive-streams-2.0.4.jar;C:\Users\Abhishek_Gupta3\.m2\repository\com\sun\activation\jakarta.activation\1.2.2\jakarta.activation-1.2.2.jar;C:\Users\Abhishek_Gupta3\.m2\repository\org\seleniumhq\selenium\selenium-safari-driver\4.9.1\selenium-safari-driver-4.9.1.jar;C:\Users\Abhishek_Gupta3\.m2\repository\org\seleniumhq\selenium\selenium-support\4.9.1\selenium-support-4.9.1.jar;C:\Users\Abhishek_Gupta3\.m2\repository\io\github\bonigarcia\webdrivermanager\5.3.3\webdrivermanager-5.3.3.jar;C:\Users\Abhishek_Gupta3\.m2\repository\org\slf4j\slf4j-api\2.0.7\slf4j-api-2.0.7.jar;C:\Users\Abhishek_Gupta3\.m2\repository\com\google\code\gson\gson\2.10.1\gson-2.10.1.jar;C:\Users\Abhishek_Gupta3\.m2\repository\com\github\docker-java\docker-java\3.3.0\docker-java-3.3.0.jar;C:\Users\Abhishek_Gupta3\.m2\repository\com\github\docker-java\docker-java-core\3.3.0\docker-java-core-3.3.0.jar;C:\Users\Abhishek_Gupta3\.m2\repository\com\github\docker-java\docker-java-api\3.3.0\docker-java-api-3.3.0.jar;C:\Users\Abhishek_Gupta3\.m2\repository\com\fasterxml\jackson\core\jackson-annotations\2.10.3\jackson-annotations-2.10.3.jar;C:\Users\Abhishek_Gupta3\.m2\repository\com\fasterxml\jackson\core\jackson-databind\2.10.3\jackson-databind-2.10.3.jar;C:\Users\Abhishek_Gupta3\.m2\repository\com\fasterxml\jackson\core\jackson-core\2.10.3\jackson-core-2.10.3.jar;C:\Users\Abhishek_Gupta3\.m2\repository\org\bouncycastle\bcpkix-jdk15on\1.64\bcpkix-jdk15on-1.64.jar;C:\Users\Abhishek_Gupta3\.m2\repository\org\bouncycastle\bcprov-jdk15on\1.64\bcprov-jdk15on-1.64.jar;C:\Users\Abhishek_Gupta3\.m2\repository\org\slf4j\jcl-over-slf4j\1.7.30\jcl-over-slf4j-1.7.30.jar;C:\Users\Abhishek_Gupta3\.m2\repository\com\github\docker-java\docker-java-transport-httpclient5\3.3.0\docker-java-transport-httpclient5-3.3.0.jar;C:\Users\Abhishek_Gupta3\.m2\repository\com\github\docker-java\docker-java-transport\3.3.0\docker-java-transport-3.3.0.jar;C:\Users\Abhishek_Gupta3\.m2\repository\net\java\dev\jna\jna\5.12.1\jna-5.12.1.jar;C:\Users\Abhishek_Gupta3\.m2\repository\org\brotli\dec\0.1.2\dec-0.1.2.jar;C:\Users\Abhishek_Gupta3\.m2\repository\org\apache\commons\commons-lang3\3.12.0\commons-lang3-3.12.0.jar;C:\Users\Abhishek_Gupta3\.m2\repository\org\apache\httpcomponents\client5\httpclient5\5.2.1\httpclient5-5.2.1.jar;C:\Users\Abhishek_Gupta3\.m2\repository\org\apache\httpcomponents\core5\httpcore5\5.2\httpcore5-5.2.jar;C:\Users\Abhishek_Gupta3\.m2\repository\org\apache\httpcomponents\core5\httpcore5-h2\5.2\httpcore5-h2-5.2.jar;C:\Users\Abhishek_Gupta3\.m2\repository\com\google\guava\guava\31.0.1-jre\guava-31.0.1-jre.jar;C:\Users\Abhishek_Gupta3\.m2\repository\com\google\guava\failureaccess\1.0.1\failureaccess-1.0.1.jar;C:\Users\Abhishek_Gupta3\.m2\repository\com\google\guava\listenablefuture\9999.0-empty-to-avoid-conflict-with-guava\listenablefuture-9999.0-empty-to-avoid-conflict-with-guava.jar;C:\Users\Abhishek_Gupta3\.m2\repository\com\google\code\findbugs\jsr305\3.0.2\jsr305-3.0.2.jar;C:\Users\Abhishek_Gupta3\.m2\repository\org\checkerframework\checker-qual\3.12.0\checker-qual-3.12.0.jar;C:\Users\Abhishek_Gupta3\.m2\repository\com\google\errorprone\error_prone_annotations\2.7.1\error_prone_annotations-2.7.1.jar;C:\Users\Abhishek_Gupta3\.m2\repository\com\google\j2objc\j2objc-annotations\1.3\j2objc-annotations-1.3.jar;C:\Users\Abhishek_Gupta3\.m2\repository\org\slf4j\slf4j-simple\2.0.5\slf4j-simple-2.0.5.jar;C:\Users\Abhishek_Gupta3\.m2\repository\org\apache\logging\log4j\log4j-core\2.19.0\log4j-core-2.19.0.jar;C:\Users\Abhishek_Gupta3\.m2\repository\org\apache\logging\log4j\log4j-api\2.19.0\log4j-api-2.19.0.jar;C:\Users\Abhishek_Gupta3\.m2\repository\tech\grasshopper\extentreports-cucumber7-adapter\1.9.2\extentreports-cucumber7-adapter-1.9.2.jar;C:\Users\Abhishek_Gupta3\.m2\repository\com\aventstack\klov-reporter\5.0.9\klov-reporter-5.0.9.jar;C:\Users\Abhishek_Gupta3\.m2\repository\org\mongodb\mongodb-driver\3.6.4\mongodb-driver-3.6.4.jar;C:\Users\Abhishek_Gupta3\.m2\repository\org\mongodb\mongodb-driver-core\3.6.4\mongodb-driver-core-3.6.4.jar;C:\Users\Abhishek_Gupta3\.m2\repository\org\mongodb\bson\3.6.4\bson-3.6.4.jar;C:\Users\Abhishek_Gupta3\.m2\repository\org\apache\httpcomponents\httpmime\4.5.13\httpmime-4.5.13.jar;C:\Users\Abhishek_Gupta3\.m2\repository\tech\grasshopper\htmlextentreporter\1.0.1\htmlextentreporter-1.0.1.jar;C:\Users\Abhishek_Gupta3\.m2\repository\tech\grasshopper\extent-pdf-report\2.8.0\extent-pdf-report-2.8.0.jar;C:\Users\Abhishek_Gupta3\.m2\repository\tech\grasshopper\cucumber-pdf-report\2.11.0\cucumber-pdf-report-2.11.0.jar;C:\Users\Abhishek_Gupta3\.m2\repository\org\apache\pdfbox\pdfbox\2.0.26\pdfbox-2.0.26.jar;C:\Users\Abhishek_Gupta3\.m2\repository\org\apache\pdfbox\fontbox\2.0.26\fontbox-2.0.26.jar;C:\Users\Abhishek_Gupta3\.m2\repository\org\knowm\xchart\xchart\3.8.0\xchart-3.8.0.jar;C:\Users\Abhishek_Gupta3\.m2\repository\de\erichseifert\vectorgraphics2d\VectorGraphics2D\0.13\VectorGraphics2D-0.13.jar;C:\Users\Abhishek_Gupta3\.m2\repository\de\rototor\pdfbox\graphics2d\0.30\graphics2d-0.30.jar;C:\Users\Abhishek_Gupta3\.m2\repository\com\madgag\animated-gif-lib\1.4\animated-gif-lib-1.4.jar;C:\Users\Abhishek_Gupta3\.m2\repository\org\yaml\snakeyaml\1.28\snakeyaml-1.28.jar;C:\Users\Abhishek_Gupta3\.m2\repository\tech\grasshopper\table-layout\1.5.1\table-layout-1.5.1.jar;C:\Users\Abhishek_Gupta3\.m2\repository\tech\grasshopper\rest-assured-cucumber-pdf-report\1.4.1\rest-assured-cucumber-pdf-report-1.4.1.jar;C:\Users\Abhishek_Gupta3\.m2\repository\org\jsoup\jsoup\1.14.3\jsoup-1.14.3.jar;C:\Users\Abhishek_Gupta3\.m2\repository\com\vimalselvam\cucumber-extentsreport\3.1.1\cucumber-extentsreport-3.1.1.jar;C:\Users\Abhishek_Gupta3\.m2\repository\com\aventstack\extentreports\5.0.9\extentreports-5.0.9.jar;C:\Users\Abhishek_Gupta3\.m2\repository\io\reactivex\rxjava3\rxjava\3.0.4\rxjava-3.0.4.jar;C:\Users\Abhishek_Gupta3\.m2\repository\org\reactivestreams\reactive-streams\1.0.3\reactive-streams-1.0.3.jar;C:\Users\Abhishek_Gupta3\.m2\repository\org\freemarker\freemarker\2.3.30\freemarker-2.3.30.jar;C:\Users\Abhishek_Gupta3\.m2\repository\org\aspectj\aspectjweaver\1.9.19\aspectjweaver-1.9.19.jar;C:\Users\Abhishek_Gupta3\.m2\repository\org\projectlombok\lombok\1.18.22\lombok-1.18.22.jar;C:\Users\Abhishek_Gupta3\.m2\repository\org\dom4j\dom4j\2.1.3\dom4j-2.1.3.jar;C:\Users\Abhishek_Gupta3\.m2\repository\org\apache\poi\poi\5.2.3\poi-5.2.3.jar;C:\Users\Abhishek_Gupta3\.m2\repository\commons-codec\commons-codec\1.15\commons-codec-1.15.jar;C:\Users\Abhishek_Gupta3\.m2\repository\org\apache\commons\commons-collections4\4.4\commons-collections4-4.4.jar;C:\Users\Abhishek_Gupta3\.m2\repository\org\apache\commons\commons-math3\3.6.1\commons-math3-3.6.1.jar;C:\Users\Abhishek_Gupta3\.m2\repository\commons-io\commons-io\2.11.0\commons-io-2.11.0.jar;C:\Users\Abhishek_Gupta3\.m2\repository\com\zaxxer\SparseBitSet\1.2\SparseBitSet-1.2.jar;C:\Users\Abhishek_Gupta3\.m2\repository\org\apache\poi\poi-ooxml\5.2.3\poi-ooxml-5.2.3.jar;C:\Users\Abhishek_Gupta3\.m2\repository\org\apache\poi\poi-ooxml-lite\5.2.3\poi-ooxml-lite-5.2.3.jar;C:\Users\Abhishek_Gupta3\.m2\repository\org\apache\commons\commons-compress\1.21\commons-compress-1.21.jar;C:\Users\Abhishek_Gupta3\.m2\repository\com\github\virtuald\curvesapi\1.07\curvesapi-1.07.jar;C:\Users\Abhishek_Gupta3\.m2\repository\org\apache\poi\poi-ooxml-schemas\4.1.2\poi-ooxml-schemas-4.1.2.jar;C:\Users\Abhishek_Gupta3\.m2\repository\org\apache\xmlbeans\xmlbeans\5.1.1\xmlbeans-5.1.1.jar;C:\Users\Abhishek_Gupta3\.m2\repository\io\appium\java-client\7.3.0\java-client-7.3.0.jar;C:\Users\Abhishek_Gupta3\.m2\repository\org\apache\httpcomponents\httpclient\4.5.9\httpclient-4.5.9.jar;C:\Users\Abhishek_Gupta3\.m2\repository\org\apache\httpcomponents\httpcore\4.4.11\httpcore-4.4.11.jar;C:\Users\Abhishek_Gupta3\.m2\repository\commons-logging\commons-logging\1.2\commons-logging-1.2.jar;C:\Users\Abhishek_Gupta3\.m2\repository\cglib\cglib\3.2.12\cglib-3.2.12.jar;C:\Users\Abhishek_Gupta3\.m2\repository\org\ow2\asm\asm\7.1\asm-7.1.jar;C:\Users\Abhishek_Gupta3\.m2\repository\commons-validator\commons-validator\1.6\commons-validator-1.6.jar;C:\Users\Abhishek_Gupta3\.m2\repository\commons-beanutils\commons-beanutils\1.9.2\commons-beanutils-1.9.2.jar;C:\Users\Abhishek_Gupta3\.m2\repository\commons-digester\commons-digester\1.8.1\commons-digester-1.8.1.jar;C:\Users\Abhishek_Gupta3\.m2\repository\commons-collections\commons-collections\3.2.2\commons-collections-3.2.2.jar;C:\Users\Abhishek_Gupta3\.m2\repository\org\springframework\spring-context\5.1.8.RELEASE\spring-context-5.1.8.RELEASE.jar;C:\Users\Abhishek_Gupta3\.m2\repository\org\springframework\spring-aop\5.1.8.RELEASE\spring-aop-5.1.8.RELEASE.jar;C:\Users\Abhishek_Gupta3\.m2\repository\org\springframework\spring-beans\5.1.8.RELEASE\spring-beans-5.1.8.RELEASE.jar;C:\Users\Abhishek_Gupta3\.m2\repository\org\springframework\spring-core\5.1.8.RELEASE\spring-core-5.1.8.RELEASE.jar;C:\Users\Abhishek_Gupta3\.m2\repository\org\springframework\spring-jcl\5.1.8.RELEASE\spring-jcl-5.1.8.RELEASE.jar;C:\Users\Abhishek_Gupta3\.m2\repository\org\springframework\spring-expression\5.1.8.RELEASE\spring-expression-5.1.8.RELEASE.jar;C:\Users\Abhishek_Gupta3\.m2\repository\io\cucumber\cucumber-java\7.1.0\cucumber-java-7.1.0.jar;C:\Users\Abhishek_Gupta3\.m2\repository\io\cucumber\cucumber-core\7.1.0\cucumber-core-7.1.0.jar;C:\Users\Abhishek_Gupta3\.m2\repository\io\cucumber\cucumber-gherkin\7.1.0\cucumber-gherkin-7.1.0.jar;C:\Users\Abhishek_Gupta3\.m2\repository\io\cucumber\cucumber-gherkin-messages\7.1.0\cucumber-gherkin-messages-7.1.0.jar;C:\Users\Abhishek_Gupta3\.m2\repository\io\cucumber\messages\17.1.1\messages-17.1.1.jar;C:\Users\Abhishek_Gupta3\.m2\repository\io\cucumber\tag-expressions\4.1.0\tag-expressions-4.1.0.jar;C:\Users\Abhishek_Gupta3\.m2\repository\io\cucumber\cucumber-expressions\13.0.1\cucumber-expressions-13.0.1.jar;C:\Users\Abhishek_Gupta3\.m2\repository\io\cucumber\datatable\7.1.0\datatable-7.1.0.jar;C:\Users\Abhishek_Gupta3\.m2\repository\io\cucumber\cucumber-plugin\7.1.0\cucumber-plugin-7.1.0.jar;C:\Users\Abhishek_Gupta3\.m2\repository\io\cucumber\docstring\7.1.0\docstring-7.1.0.jar;C:\Users\Abhishek_Gupta3\.m2\repository\io\cucumber\html-formatter\17.0.0\html-formatter-17.0.0.jar;C:\Users\Abhishek_Gupta3\.m2\repository\io\cucumber\create-meta\6.0.4\create-meta-6.0.4.jar;C:\Users\Abhishek_Gupta3\.m2\repository\org\apiguardian\apiguardian-api\1.1.2\apiguardian-api-1.1.2.jar;C:\Users\Abhishek_Gupta3\.m2\repository\io\cucumber\cucumber-picocontainer\7.1.0\cucumber-picocontainer-7.1.0.jar;C:\Users\Abhishek_Gupta3\.m2\repository\org\picocontainer\picocontainer\2.15\picocontainer-2.15.jar;C:\Users\Abhishek_Gupta3\.m2\repository\io\cucumber\cucumber-junit\7.1.0\cucumber-junit-7.1.0.jar;C:\Users\Abhishek_Gupta3\.m2\repository\junit\junit\4.13.2\junit-4.13.2.jar;C:\Users\Abhishek_Gupta3\.m2\repository\org\hamcrest\hamcrest-core\1.3\hamcrest-core-1.3.jar;"/>
    <property name="sun.cpu.endian" value="little"/>
    <property name="user.home" value="C:\Users\Abhishek_Gupta3"/>
    <property name="user.language" value="en"/>
    <property name="java.specification.vendor" value="Oracle Corporation"/>
    <property name="java.version.date" value="2022-01-18"/>
    <property name="java.home" value="C:\Program Files\Java\jdk-17.0.2"/>
    <property name="file.separator" value="\"/>
    <property name="basedir" value="C:\Users\Abhishek_Gupta3\IdeaProjects\SMPCLPAutomation"/>
    <property name="java.vm.compressedOopsMode" value="Zero based"/>
    <property name="line.separator" value="&#10;"/>
    <property name="java.vm.specification.vendor" value="Oracle Corporation"/>
    <property name="java.specification.name" value="Java Platform API Specification"/>
    <property name="surefire.real.class.path" value="C:\Users\Abhishek_Gupta3\AppData\Local\Temp\surefire1578466216636738056\surefirebooter-20230529103847553_3.jar"/>
    <property name="user.script" value=""/>
    <property name="sun.management.compiler" value="HotSpot 64-Bit Tiered Compilers"/>
    <property name="java.runtime.version" value="17.0.2+8-86"/>
    <property name="user.name" value="Abhishek_Gupta3"/>
    <property name="path.separator" value=";"/>
    <property name="os.version" value="10.0"/>
    <property name="java.runtime.name" value="OpenJDK Runtime Environment"/>
    <property name="file.encoding" value="Cp1252"/>
    <property name="java.vm.name" value="OpenJDK 64-Bit Server VM"/>
    <property name="localRepository" value="C:\Users\Abhishek_Gupta3\.m2\repository"/>
    <property name="java.vendor.url.bug" value="https://bugreport.java.com/bugreport/"/>
    <property name="java.io.tmpdir" value="C:\Users\ABHISH~1\AppData\Local\Temp\"/>
    <property name="java.version" value="17.0.2"/>
    <property name="user.dir" value="C:\Users\Abhishek_Gupta3\IdeaProjects\SMPCLPAutomation"/>
    <property name="os.arch" value="amd64"/>
    <property name="java.vm.specification.name" value="Java Virtual Machine Specification"/>
    <property name="sun.os.patch.level" value=""/>
    <property name="native.encoding" value="Cp1252"/>
    <property name="java.library.path" value="C:\Program Files\Java\jdk-17.0.2\bin;C:\Windows\Sun\Java\bin;C:\Windows\system32;C:\Windows;C:\Windows\system32;C:\Windows;C:\Windows\System32\Wbem;C:\Windows\System32\WindowsPowerShell\v1.0\;C:\Windows\System32\OpenSSH\;C:\Program Files\Java\jdk-17.0.2\bin;%MAVEN_HOME\bin;C:\Users\Abhishek_Gupta3\AppData\Local\Android\Sdk\platform-tools;C:\ProgramData\chocolatey\bin;C:\Users\Abhishek_Gupta3\AppData\Local\Android\Sdk\build-tools;C:\Users\Abhishek_Gupta3\AppData\Local\Android\Sdk\tools;C:\Users\Abhishek_Gupta3\AppData\Local\Android\Sdk\tools\bin;C:\Users\Abhishek_Gupta3\AppData\Roaming\nvm;C:\Program Files\nodejs;C:\Users\Abhishek_Gupta3\Downloads\gradle-6.8.3\bin;C:\k8;C:\Program Files\Kubernetes\Minikube;C:\Program Files\Docker\Docker\resources\bin;C:\Program Files\nodejs\;C:\ProgramData\chocolatey\lib\maven\apache-maven-3.8.7\bin;C:\Program Files\Git\cmd;C:\Users\Abhishek_Gupta3\AppData\Roaming\daml\bin;C:\Users\Abhishek_Gupta3\AppData\Local\Microsoft\WindowsApps;C:\Users\Abhishek_Gupta3\AppData\Roaming\nvm;C:\Program Files\nodejs;C:\k8;C:\Users\Abhishek_Gupta3\AppData\Roaming\npm;C:\Program Files\Java\jdk-17.0.2\bin;C:\Program Files\Maven\apache-maven-3.8.7\bin;;."/>
    <property name="java.vm.info" value="mixed mode, sharing"/>
    <property name="java.vendor" value="Oracle Corporation"/>
    <property name="java.vm.version" value="17.0.2+8-86"/>
    <property name="sun.io.unicode.encoding" value="UnicodeLittle"/>
    <property name="java.class.version" value="61.0"/>
  </properties>
  <testcase name="Compare Dongle and Command Center XLS Files" classname="Compare Files" time="7.124">
    <system-out><![CDATA[
Scenario: Compare Dongle and Command Center XLS Files   # src/test/resources/features/Compare.feature:4
Launching edge browser...

    There are two files for comparing from  Lin Yang (Single phase meter) â€“ DE Mapping

  Given There are two files for comparing in equal data # stepdefinitions.CompareStepdefs.thereAreTwoFilesForComparingInEqualData()

    LP2-10001528 WorkSheet- Logs Column - Active energy import (+A) Total(kWh)- total Count is ...14


    Mtr_10001528_Hist WorkSheet -Command Center Excel Files - Column -kWh (+kWh)- total Count is ...14


    ********************************************* Let's check the test data, coming from the Lin Yang (Single phase meter) â€“ DE Mapping*****************************************


    LP2-10001528 and SheetName 001 - Logs Column  - Active energy import (+A) Total(kWh) - Values ...301.557


    Mtr_10001528_Hist and SheetName Mtr_10001528_Hist -Command Center Excel Files - Column -kWh (+kWh) - Values ...301.5570


    Diference for ExpWh (LP2-10001528-Active energy import (+A) Total(kWh)) 301.557.
     | (Mtr_10001528_Hist-Command Center Excel Files)  +kWh = 301.5570


    *************************************** Let's move to the next row from the Excel files and check the results *********


    LP2-10001528 and SheetName 001 - Logs Column  - Active energy import (+A) Total(kWh) - Values ...300.478


    Mtr_10001528_Hist and SheetName Mtr_10001528_Hist -Command Center Excel Files - Column -kWh (+kWh) - Values ...300.4780


    Diference for ExpWh (LP2-10001528-Active energy import (+A) Total(kWh)) 300.478.
     | (Mtr_10001528_Hist-Command Center Excel Files)  +kWh = 300.4780


    *************************************** Let's move to the next row from the Excel files and check the results *********


    LP2-10001528 and SheetName 001 - Logs Column  - Active energy import (+A) Total(kWh) - Values ...299.429


    Mtr_10001528_Hist and SheetName Mtr_10001528_Hist -Command Center Excel Files - Column -kWh (+kWh) - Values ...299.4290


    Diference for ExpWh (LP2-10001528-Active energy import (+A) Total(kWh)) 299.429.
     | (Mtr_10001528_Hist-Command Center Excel Files)  +kWh = 299.4290


    *************************************** Let's move to the next row from the Excel files and check the results *********


    LP2-10001528 and SheetName 001 - Logs Column  - Active energy import (+A) Total(kWh) - Values ...298.382


    Mtr_10001528_Hist and SheetName Mtr_10001528_Hist -Command Center Excel Files - Column -kWh (+kWh) - Values ...298.3820


    Diference for ExpWh (LP2-10001528-Active energy import (+A) Total(kWh)) 298.382.
     | (Mtr_10001528_Hist-Command Center Excel Files)  +kWh = 298.3820


    *************************************** Let's move to the next row from the Excel files and check the results *********


    LP2-10001528 and SheetName 001 - Logs Column  - Active energy import (+A) Total(kWh) - Values ...297.334


    Mtr_10001528_Hist and SheetName Mtr_10001528_Hist -Command Center Excel Files - Column -kWh (+kWh) - Values ...297.3340


    Diference for ExpWh (LP2-10001528-Active energy import (+A) Total(kWh)) 297.334.
     | (Mtr_10001528_Hist-Command Center Excel Files)  +kWh = 297.3340


    *************************************** Let's move to the next row from the Excel files and check the results *********


    LP2-10001528 and SheetName 001 - Logs Column  - Active energy import (+A) Total(kWh) - Values ...296.289


    Mtr_10001528_Hist and SheetName Mtr_10001528_Hist -Command Center Excel Files - Column -kWh (+kWh) - Values ...296.2890


    Diference for ExpWh (LP2-10001528-Active energy import (+A) Total(kWh)) 296.289.
     | (Mtr_10001528_Hist-Command Center Excel Files)  +kWh = 296.2890


    *************************************** Let's move to the next row from the Excel files and check the results *********


    LP2-10001528 and SheetName 001 - Logs Column  - Active energy import (+A) Total(kWh) - Values ...295.241


    Mtr_10001528_Hist and SheetName Mtr_10001528_Hist -Command Center Excel Files - Column -kWh (+kWh) - Values ...295.2410


    Diference for ExpWh (LP2-10001528-Active energy import (+A) Total(kWh)) 295.241.
     | (Mtr_10001528_Hist-Command Center Excel Files)  +kWh = 295.2410


    *************************************** Let's move to the next row from the Excel files and check the results *********


    LP2-10001528 and SheetName 001 - Logs Column  - Active energy import (+A) Total(kWh) - Values ...294.197


    Mtr_10001528_Hist and SheetName Mtr_10001528_Hist -Command Center Excel Files - Column -kWh (+kWh) - Values ...294.1970


    Diference for ExpWh (LP2-10001528-Active energy import (+A) Total(kWh)) 294.197.
     | (Mtr_10001528_Hist-Command Center Excel Files)  +kWh = 294.1970


    *************************************** Let's move to the next row from the Excel files and check the results *********


    LP2-10001528 and SheetName 001 - Logs Column  - Active energy import (+A) Total(kWh) - Values ...293.182


    Mtr_10001528_Hist and SheetName Mtr_10001528_Hist -Command Center Excel Files - Column -kWh (+kWh) - Values ...293.1820


    Diference for ExpWh (LP2-10001528-Active energy import (+A) Total(kWh)) 293.182.
     | (Mtr_10001528_Hist-Command Center Excel Files)  +kWh = 293.1820


    *************************************** Let's move to the next row from the Excel files and check the results *********


    LP2-10001528 and SheetName 001 - Logs Column  - Active energy import (+A) Total(kWh) - Values ...292.162


    Mtr_10001528_Hist and SheetName Mtr_10001528_Hist -Command Center Excel Files - Column -kWh (+kWh) - Values ...292.1620


    Diference for ExpWh (LP2-10001528-Active energy import (+A) Total(kWh)) 292.162.
     | (Mtr_10001528_Hist-Command Center Excel Files)  +kWh = 292.1620


    *************************************** Let's move to the next row from the Excel files and check the results *********


    LP2-10001528 and SheetName 001 - Logs Column  - Active energy import (+A) Total(kWh) - Values ...291.15


    Mtr_10001528_Hist and SheetName Mtr_10001528_Hist -Command Center Excel Files - Column -kWh (+kWh) - Values ...291.1500


    Diference for ExpWh (LP2-10001528-Active energy import (+A) Total(kWh)) 291.15.
     | (Mtr_10001528_Hist-Command Center Excel Files)  +kWh = 291.1500


    *************************************** Let's move to the next row from the Excel files and check the results *********


    LP2-10001528 and SheetName 001 - Logs Column  - Active energy import (+A) Total(kWh) - Values ...290.144


    Mtr_10001528_Hist and SheetName Mtr_10001528_Hist -Command Center Excel Files - Column -kWh (+kWh) - Values ...290.1440


    Diference for ExpWh (LP2-10001528-Active energy import (+A) Total(kWh)) 290.144.
     | (Mtr_10001528_Hist-Command Center Excel Files)  +kWh = 290.1440


    *************************************** Let's move to the next row from the Excel files and check the results *********


    LP2-10001528 and SheetName 001 - Logs Column  - Active energy import (+A) Total(kWh) - Values ...289.133


    Mtr_10001528_Hist and SheetName Mtr_10001528_Hist -Command Center Excel Files - Column -kWh (+kWh) - Values ...289.1330


    Diference for ExpWh (LP2-10001528-Active energy import (+A) Total(kWh)) 289.133.
     | (Mtr_10001528_Hist-Command Center Excel Files)  +kWh = 289.1330


    *************************************** Let's move to the next row from the Excel files and check the results *********

  When Start comparing the data                         # stepdefinitions.CompareStepdefs.startComparingTheData()

    The report window appeared with expected result

  Then The report generated                             # stepdefinitions.CompareStepdefs.theReportGenerated()
]]></system-out>
    <system-err><![CDATA[[main] INFO io.github.bonigarcia.wdm.WebDriverManager - Using msedgedriver 113.0.1774.57 (resolved driver for Edge 113)
[main] INFO io.github.bonigarcia.wdm.WebDriverManager - Exporting webdriver.edge.driver as C:\Users\Abhishek_Gupta3\.cache\selenium\msedgedriver\win64\113.0.1774.57\msedgedriver.exe
Starting Microsoft Edge WebDriver 113.0.1774.57 (b3b212deff59d422d4ce9487f276cb0e0d352835) on port 10086
To submit feedback, report a bug, or suggest new features, please visit https://github.com/MicrosoftEdge/EdgeWebDriver

Only local connections are allowed.
Please see https://aka.ms/WebDriverSecurity for suggestions on keeping Microsoft Edge WebDriver safe.

Microsoft Edge WebDriver was started successfully.
[main] INFO stepdefinitions.Hooks - ================ BEFORE ALL ================
[main] INFO stepdefinitions.Hooks - Starting Edge Driver: 
[main] INFO stepdefinitions.Hooks - ******************************************************
[main] INFO stepdefinitions.Hooks - ScenarioCompare Dongle and Command Center XLS Files
[main] INFO utils.CompareExcel - Intitializing the column for 301.557
[main] INFO utils.CompareExcel - Intitializing the column for 301.5570
[main] INFO utils.CompareExcel - Diference for ExpWh (LP2-10001528-Active energy import (+A) Total(kWh)) 301.557| (Mtr_10001528_Hist-Command Center Excel Files)  +kWh = 301.5570
[main] INFO utils.CompareExcel - Intitializing the column for 300.478
[main] INFO utils.CompareExcel - Intitializing the column for 300.4780
[main] INFO utils.CompareExcel - Diference for ExpWh (LP2-10001528-Active energy import (+A) Total(kWh)) 300.478| (Mtr_10001528_Hist-Command Center Excel Files)  +kWh = 300.4780
[main] INFO utils.CompareExcel - Intitializing the column for 299.429
[main] INFO utils.CompareExcel - Intitializing the column for 299.4290
[main] INFO utils.CompareExcel - Diference for ExpWh (LP2-10001528-Active energy import (+A) Total(kWh)) 299.429| (Mtr_10001528_Hist-Command Center Excel Files)  +kWh = 299.4290
[main] INFO utils.CompareExcel - Intitializing the column for 298.382
[main] INFO utils.CompareExcel - Intitializing the column for 298.3820
[main] INFO utils.CompareExcel - Diference for ExpWh (LP2-10001528-Active energy import (+A) Total(kWh)) 298.382| (Mtr_10001528_Hist-Command Center Excel Files)  +kWh = 298.3820
[main] INFO utils.CompareExcel - Intitializing the column for 297.334
[main] INFO utils.CompareExcel - Intitializing the column for 297.3340
[main] INFO utils.CompareExcel - Diference for ExpWh (LP2-10001528-Active energy import (+A) Total(kWh)) 297.334| (Mtr_10001528_Hist-Command Center Excel Files)  +kWh = 297.3340
[main] INFO utils.CompareExcel - Intitializing the column for 296.289
[main] INFO utils.CompareExcel - Intitializing the column for 296.2890
[main] INFO utils.CompareExcel - Diference for ExpWh (LP2-10001528-Active energy import (+A) Total(kWh)) 296.289| (Mtr_10001528_Hist-Command Center Excel Files)  +kWh = 296.2890
[main] INFO utils.CompareExcel - Intitializing the column for 295.241
[main] INFO utils.CompareExcel - Intitializing the column for 295.2410
[main] INFO utils.CompareExcel - Diference for ExpWh (LP2-10001528-Active energy import (+A) Total(kWh)) 295.241| (Mtr_10001528_Hist-Command Center Excel Files)  +kWh = 295.2410
[main] INFO utils.CompareExcel - Intitializing the column for 294.197
[main] INFO utils.CompareExcel - Intitializing the column for 294.1970
[main] INFO utils.CompareExcel - Diference for ExpWh (LP2-10001528-Active energy import (+A) Total(kWh)) 294.197| (Mtr_10001528_Hist-Command Center Excel Files)  +kWh = 294.1970
[main] INFO utils.CompareExcel - Intitializing the column for 293.182
[main] INFO utils.CompareExcel - Intitializing the column for 293.1820
[main] INFO utils.CompareExcel - Diference for ExpWh (LP2-10001528-Active energy import (+A) Total(kWh)) 293.182| (Mtr_10001528_Hist-Command Center Excel Files)  +kWh = 293.1820
[main] INFO utils.CompareExcel - Intitializing the column for 292.162
[main] INFO utils.CompareExcel - Intitializing the column for 292.1620
[main] INFO utils.CompareExcel - Diference for ExpWh (LP2-10001528-Active energy import (+A) Total(kWh)) 292.162| (Mtr_10001528_Hist-Command Center Excel Files)  +kWh = 292.1620
[main] INFO utils.CompareExcel - Intitializing the column for 291.15
[main] INFO utils.CompareExcel - Intitializing the column for 291.1500
[main] INFO utils.CompareExcel - Diference for ExpWh (LP2-10001528-Active energy import (+A) Total(kWh)) 291.15| (Mtr_10001528_Hist-Command Center Excel Files)  +kWh = 291.1500
[main] INFO utils.CompareExcel - Intitializing the column for 290.144
[main] INFO utils.CompareExcel - Intitializing the column for 290.1440
[main] INFO utils.CompareExcel - Diference for ExpWh (LP2-10001528-Active energy import (+A) Total(kWh)) 290.144| (Mtr_10001528_Hist-Command Center Excel Files)  +kWh = 290.1440
[main] INFO utils.CompareExcel - Intitializing the column for 289.133
[main] INFO utils.CompareExcel - Intitializing the column for 289.1330
[main] INFO utils.CompareExcel - Diference for ExpWh (LP2-10001528-Active energy import (+A) Total(kWh)) 289.133| (Mtr_10001528_Hist-Command Center Excel Files)  +kWh = 289.1330
[main] INFO utils.CompareExcel - Completed Successfully
[AsyncHttpClient-1-4] WARN org.asynchttpclient.netty.handler.WebSocketHandler - onError
java.net.SocketException: Connection reset
	at java.base/sun.nio.ch.SocketChannelImpl.throwConnectionReset(SocketChannelImpl.java:394)
	at java.base/sun.nio.ch.SocketChannelImpl.read(SocketChannelImpl.java:426)
	at io.netty.buffer.PooledByteBuf.setBytes(PooledByteBuf.java:256)
	at io.netty.buffer.AbstractByteBuf.writeBytes(AbstractByteBuf.java:1132)
	at io.netty.channel.socket.nio.NioSocketChannel.doReadBytes(NioSocketChannel.java:357)
	at io.netty.channel.nio.AbstractNioByteChannel$NioByteUnsafe.read(AbstractNioByteChannel.java:151)
	at io.netty.channel.nio.NioEventLoop.processSelectedKey(NioEventLoop.java:788)
	at io.netty.channel.nio.NioEventLoop.processSelectedKeysOptimized(NioEventLoop.java:724)
	at io.netty.channel.nio.NioEventLoop.processSelectedKeys(NioEventLoop.java:650)
	at io.netty.channel.nio.NioEventLoop.run(NioEventLoop.java:562)
	at io.netty.util.concurrent.SingleThreadEventExecutor$4.run(SingleThreadEventExecutor.java:997)
	at io.netty.util.internal.ThreadExecutorMap$2.run(ThreadExecutorMap.java:74)
	at io.netty.util.concurrent.FastThreadLocalRunnable.run(FastThreadLocalRunnable.java:30)
	at java.base/java.lang.Thread.run(Thread.java:833)
May 29, 2023 10:38:55 AM org.openqa.selenium.remote.http.WebSocket$Listener onError
WARNING: Connection reset
java.net.SocketException: Connection reset
	at java.base/sun.nio.ch.SocketChannelImpl.throwConnectionReset(SocketChannelImpl.java:394)
	at java.base/sun.nio.ch.SocketChannelImpl.read(SocketChannelImpl.java:426)
	at io.netty.buffer.PooledByteBuf.setBytes(PooledByteBuf.java:256)
	at io.netty.buffer.AbstractByteBuf.writeBytes(AbstractByteBuf.java:1132)
	at io.netty.channel.socket.nio.NioSocketChannel.doReadBytes(NioSocketChannel.java:357)
	at io.netty.channel.nio.AbstractNioByteChannel$NioByteUnsafe.read(AbstractNioByteChannel.java:151)
	at io.netty.channel.nio.NioEventLoop.processSelectedKey(NioEventLoop.java:788)
	at io.netty.channel.nio.NioEventLoop.processSelectedKeysOptimized(NioEventLoop.java:724)
	at io.netty.channel.nio.NioEventLoop.processSelectedKeys(NioEventLoop.java:650)
	at io.netty.channel.nio.NioEventLoop.run(NioEventLoop.java:562)
	at io.netty.util.concurrent.SingleThreadEventExecutor$4.run(SingleThreadEventExecutor.java:997)
	at io.netty.util.internal.ThreadExecutorMap$2.run(ThreadExecutorMap.java:74)
	at io.netty.util.concurrent.FastThreadLocalRunnable.run(FastThreadLocalRunnable.java:30)
	at java.base/java.lang.Thread.run(Thread.java:833)

[main] INFO stepdefinitions.Hooks - ScenarioCompare Dongle and Command Center XLS Files
[main] INFO stepdefinitions.Hooks - ==============Test Completed============
[main] INFO stepdefinitions.Hooks - Scenario : 'Compare Dongle and Command Center XLS Files' has status PASSED
[main] INFO stepdefinitions.Hooks -  Scenario : Compare Dongle and Command Center XLS Files
]]></system-err>
  </testcase>
  <testcase name="open browser and send command" classname="Send ping issue command" time="4.737">
    <error message="no such element: Unable to locate element: {&quot;method&quot;:&quot;css selector&quot;,&quot;selector&quot;:&quot;*[name=&apos;pppqqrrwrwqr&apos;]&quot;}&#10;  (Session info: MicrosoftEdge=113.0.1774.57)&#10;For documentation on this error, please visit: https://selenium.dev/exceptions/#no_such_element&#10;Build info: version: &apos;4.9.1&apos;, revision: &apos;eb2032df7f&apos;&#10;System info: os.name: &apos;Windows 10&apos;, os.arch: &apos;amd64&apos;, os.version: &apos;10.0&apos;, java.version: &apos;17.0.2&apos;&#10;Driver info: org.openqa.selenium.edge.EdgeDriver&#10;Command: [04d4ea69b5052b61da51d8d3bbc31432, findElement {using=name, value=pppqqrrwrwqr}]&#10;Capabilities {acceptInsecureCerts: false, browserName: msedge, browserVersion: 113.0.1774.57, ms:edgeOptions: {debuggerAddress: localhost:59979}, msedge: {msedgedriverVersion: 113.0.1774.57 (b3b212deff59..., userDataDir: C:\Users\ABHISH~1\AppData\L...}, networkConnectionEnabled: false, pageLoadStrategy: normal, platformName: windows, proxy: Proxy(), se:cdp: ws://localhost:59979/devtoo..., se:cdpVersion: 113.0.1774.57, setWindowRect: true, strictFileInteractability: false, timeouts: {implicit: 0, pageLoad: 300000, script: 30000}, unhandledPromptBehavior: dismiss and notify, webauthn:extension:credBlob: true, webauthn:extension:largeBlob: true, webauthn:extension:minPinLength: true, webauthn:extension:prf: true, webauthn:virtualAuthenticators: true}&#10;Session ID: 04d4ea69b5052b61da51d8d3bbc31432" type="org.openqa.selenium.NoSuchElementException"><![CDATA[org.openqa.selenium.NoSuchElementException: 
no such element: Unable to locate element: {"method":"css selector","selector":"*[name='pppqqrrwrwqr']"}
  (Session info: MicrosoftEdge=113.0.1774.57)
For documentation on this error, please visit: https://selenium.dev/exceptions/#no_such_element
Build info: version: '4.9.1', revision: 'eb2032df7f'
System info: os.name: 'Windows 10', os.arch: 'amd64', os.version: '10.0', java.version: '17.0.2'
Driver info: org.openqa.selenium.edge.EdgeDriver
Command: [04d4ea69b5052b61da51d8d3bbc31432, findElement {using=name, value=pppqqrrwrwqr}]
Capabilities {acceptInsecureCerts: false, browserName: msedge, browserVersion: 113.0.1774.57, ms:edgeOptions: {debuggerAddress: localhost:59979}, msedge: {msedgedriverVersion: 113.0.1774.57 (b3b212deff59..., userDataDir: C:\Users\ABHISH~1\AppData\L...}, networkConnectionEnabled: false, pageLoadStrategy: normal, platformName: windows, proxy: Proxy(), se:cdp: ws://localhost:59979/devtoo..., se:cdpVersion: 113.0.1774.57, setWindowRect: true, strictFileInteractability: false, timeouts: {implicit: 0, pageLoad: 300000, script: 30000}, unhandledPromptBehavior: dismiss and notify, webauthn:extension:credBlob: true, webauthn:extension:largeBlob: true, webauthn:extension:minPinLength: true, webauthn:extension:prf: true, webauthn:virtualAuthenticators: true}
Session ID: 04d4ea69b5052b61da51d8d3bbc31432
	at java.base/jdk.internal.reflect.NativeConstructorAccessorImpl.newInstance0(Native Method)
	at java.base/jdk.internal.reflect.NativeConstructorAccessorImpl.newInstance(NativeConstructorAccessorImpl.java:77)
	at java.base/jdk.internal.reflect.DelegatingConstructorAccessorImpl.newInstance(DelegatingConstructorAccessorImpl.java:45)
	at java.base/java.lang.reflect.Constructor.newInstanceWithCaller(Constructor.java:499)
	at java.base/java.lang.reflect.Constructor.newInstance(Constructor.java:480)
	at org.openqa.selenium.remote.codec.w3c.W3CHttpResponseCodec.createException(W3CHttpResponseCodec.java:200)
	at org.openqa.selenium.remote.codec.w3c.W3CHttpResponseCodec.decode(W3CHttpResponseCodec.java:133)
	at org.openqa.selenium.remote.codec.w3c.W3CHttpResponseCodec.decode(W3CHttpResponseCodec.java:53)
	at org.openqa.selenium.remote.HttpCommandExecutor.execute(HttpCommandExecutor.java:193)
	at org.openqa.selenium.remote.service.DriverCommandExecutor.invokeExecute(DriverCommandExecutor.java:183)
	at org.openqa.selenium.remote.service.DriverCommandExecutor.execute(DriverCommandExecutor.java:158)
	at org.openqa.selenium.remote.RemoteWebDriver.execute(RemoteWebDriver.java:543)
	at org.openqa.selenium.remote.ElementLocation$ElementFinder$2.findElement(ElementLocation.java:162)
	at org.openqa.selenium.remote.ElementLocation.findElement(ElementLocation.java:66)
	at org.openqa.selenium.remote.RemoteWebDriver.findElement(RemoteWebDriver.java:352)
	at org.openqa.selenium.remote.RemoteWebDriver.findElement(RemoteWebDriver.java:344)
	at stepdefinitions.PingStepdefs.theReportWindowAppearedWithExpectedResult(PingStepdefs.java:41)
	at ✽.The report window appeared with expected result(file:///C:/Users/Abhishek_Gupta3/IdeaProjects/SMPCLPAutomation/src/test/resources/features/Ping.feature:8)
]]></error>
    <system-out><![CDATA[
Scenario: open browser and send command                # src/test/resources/features/Ping.feature:5
Launching edge browser...

    Driver on Steps class:

  Given open the site url                              # stepdefinitions.PingStepdefs.openTheSiteUrl()

    Verify the Column from Excel sheet ...>:

  When send issue command                              # stepdefinitions.PingStepdefs.sendIssueCommand()

    The report window appeared with expected result :

  Then The report window appeared with expected result # stepdefinitions.PingStepdefs.theReportWindowAppearedWithExpectedResult()
      org.openqa.selenium.NoSuchElementException: no such element: Unable to locate element: {"method":"css selector","selector":"*[name='pppqqrrwrwqr']"}
  (Session info: MicrosoftEdge=113.0.1774.57)
For documentation on this error, please visit: https://selenium.dev/exceptions/#no_such_element
Build info: version: '4.9.1', revision: 'eb2032df7f'
System info: os.name: 'Windows 10', os.arch: 'amd64', os.version: '10.0', java.version: '17.0.2'
Driver info: org.openqa.selenium.edge.EdgeDriver
Command: [04d4ea69b5052b61da51d8d3bbc31432, findElement {using=name, value=pppqqrrwrwqr}]
Capabilities {acceptInsecureCerts: false, browserName: msedge, browserVersion: 113.0.1774.57, ms:edgeOptions: {debuggerAddress: localhost:59979}, msedge: {msedgedriverVersion: 113.0.1774.57 (b3b212deff59..., userDataDir: C:\Users\ABHISH~1\AppData\L...}, networkConnectionEnabled: false, pageLoadStrategy: normal, platformName: windows, proxy: Proxy(), se:cdp: ws://localhost:59979/devtoo..., se:cdpVersion: 113.0.1774.57, setWindowRect: true, strictFileInteractability: false, timeouts: {implicit: 0, pageLoad: 300000, script: 30000}, unhandledPromptBehavior: dismiss and notify, webauthn:extension:credBlob: true, webauthn:extension:largeBlob: true, webauthn:extension:minPinLength: true, webauthn:extension:prf: true, webauthn:virtualAuthenticators: true}
Session ID: 04d4ea69b5052b61da51d8d3bbc31432
	at java.base/jdk.internal.reflect.NativeConstructorAccessorImpl.newInstance0(Native Method)
	at java.base/jdk.internal.reflect.NativeConstructorAccessorImpl.newInstance(NativeConstructorAccessorImpl.java:77)
	at java.base/jdk.internal.reflect.DelegatingConstructorAccessorImpl.newInstance(DelegatingConstructorAccessorImpl.java:45)
	at java.base/java.lang.reflect.Constructor.newInstanceWithCaller(Constructor.java:499)
	at java.base/java.lang.reflect.Constructor.newInstance(Constructor.java:480)
	at org.openqa.selenium.remote.codec.w3c.W3CHttpResponseCodec.createException(W3CHttpResponseCodec.java:200)
	at org.openqa.selenium.remote.codec.w3c.W3CHttpResponseCodec.decode(W3CHttpResponseCodec.java:133)
	at org.openqa.selenium.remote.codec.w3c.W3CHttpResponseCodec.decode(W3CHttpResponseCodec.java:53)
	at org.openqa.selenium.remote.HttpCommandExecutor.execute(HttpCommandExecutor.java:193)
	at org.openqa.selenium.remote.service.DriverCommandExecutor.invokeExecute(DriverCommandExecutor.java:183)
	at org.openqa.selenium.remote.service.DriverCommandExecutor.execute(DriverCommandExecutor.java:158)
	at org.openqa.selenium.remote.RemoteWebDriver.execute(RemoteWebDriver.java:543)
	at org.openqa.selenium.remote.ElementLocation$ElementFinder$2.findElement(ElementLocation.java:162)
	at org.openqa.selenium.remote.ElementLocation.findElement(ElementLocation.java:66)
	at org.openqa.selenium.remote.RemoteWebDriver.findElement(RemoteWebDriver.java:352)
	at org.openqa.selenium.remote.RemoteWebDriver.findElement(RemoteWebDriver.java:344)
	at stepdefinitions.PingStepdefs.theReportWindowAppearedWithExpectedResult(PingStepdefs.java:41)
	at âœ½.The report window appeared with expected result(file:///C:/Users/Abhishek_Gupta3/IdeaProjects/SMPCLPAutomation/src/test/resources/features/Ping.feature:8)


    Embedding Screenshot Failed [image/png 79913 bytes]

]]></system-out>
    <system-err><![CDATA[[main] INFO io.github.bonigarcia.wdm.WebDriverManager - Using msedgedriver 113.0.1774.57 (resolved driver for Edge 113)
[main] INFO io.github.bonigarcia.wdm.WebDriverManager - Exporting webdriver.edge.driver as C:\Users\Abhishek_Gupta3\.cache\selenium\msedgedriver\win64\113.0.1774.57\msedgedriver.exe
Starting Microsoft Edge WebDriver 113.0.1774.57 (b3b212deff59d422d4ce9487f276cb0e0d352835) on port 4370
To submit feedback, report a bug, or suggest new features, please visit https://github.com/MicrosoftEdge/EdgeWebDriver

Only local connections are allowed.
Please see https://aka.ms/WebDriverSecurity for suggestions on keeping Microsoft Edge WebDriver safe.

Microsoft Edge WebDriver was started successfully.
[main] INFO stepdefinitions.Hooks - ================ BEFORE ALL ================
[main] INFO stepdefinitions.Hooks - Starting Edge Driver: 
[main] INFO stepdefinitions.Hooks - ******************************************************
[main] INFO stepdefinitions.Hooks - Scenarioopen browser and send command
[main] INFO stepdefinitions.Hooks - Scenarioopen browser and send command
[main] INFO stepdefinitions.Hooks - ==============Test Completed============
[main] INFO stepdefinitions.Hooks - Scenario : 'open browser and send command' has status FAILED
[main] INFO stepdefinitions.Hooks -  Scenario : open browser and send command
]]></system-err>
  </testcase>
  <testcase name="Search Meter number #1" classname="Send ping issue command" time="10.44">
    <system-out><![CDATA[
Scenario Outline: Search Meter number                 # src/test/resources/features/Ping.feature:18
Launching edge browser...

    Open the browser Edge Browser :

  Given open the browser                              # stepdefinitions.PingStepdefs.openTheBrowser()

    Meter Row 2


    Meter Number 234567


    Meter Name LY

  When search from Information and 1 for meter number # stepdefinitions.PingStepdefs.searchFromAndForMeterNumber(java.lang.String,java.lang.Integer)

    Meter Information for meter number :

  Then Appeared with expected result                  # stepdefinitions.PingStepdefs.appearedWithExpectedResult()
]]></system-out>
    <system-err><![CDATA[[main] INFO io.github.bonigarcia.wdm.WebDriverManager - Using msedgedriver 113.0.1774.57 (resolved driver for Edge 113)
[main] INFO io.github.bonigarcia.wdm.WebDriverManager - Exporting webdriver.edge.driver as C:\Users\Abhishek_Gupta3\.cache\selenium\msedgedriver\win64\113.0.1774.57\msedgedriver.exe
Starting Microsoft Edge WebDriver 113.0.1774.57 (b3b212deff59d422d4ce9487f276cb0e0d352835) on port 19056
To submit feedback, report a bug, or suggest new features, please visit https://github.com/MicrosoftEdge/EdgeWebDriver

Only local connections are allowed.
Please see https://aka.ms/WebDriverSecurity for suggestions on keeping Microsoft Edge WebDriver safe.

Microsoft Edge WebDriver was started successfully.
[main] INFO stepdefinitions.Hooks - ================ BEFORE ALL ================
[main] INFO stepdefinitions.Hooks - Starting Edge Driver: 
[main] INFO stepdefinitions.Hooks - ******************************************************
[main] INFO stepdefinitions.Hooks - ScenarioSearch Meter number
[main] INFO stepdefinitions.Hooks - ScenarioSearch Meter number
[main] INFO stepdefinitions.Hooks - ==============Test Completed============
[main] INFO stepdefinitions.Hooks - Scenario : 'Search Meter number' has status PASSED
[main] INFO stepdefinitions.Hooks -  Scenario : Search Meter number
]]></system-err>
  </testcase>
  <testcase name="Search Meter number #2" classname="Send ping issue command" time="10.722">
    <system-out><![CDATA[
Scenario Outline: Search Meter number                 # src/test/resources/features/Ping.feature:19
Launching edge browser...

    Open the browser Edge Browser :

  Given open the browser                              # stepdefinitions.PingStepdefs.openTheBrowser()

    Meter Row 1


    Meter Number 123456


    Meter Name LG

  When search from Information and 0 for meter number # stepdefinitions.PingStepdefs.searchFromAndForMeterNumber(java.lang.String,java.lang.Integer)

    Meter Information for meter number :

  Then Appeared with expected result                  # stepdefinitions.PingStepdefs.appearedWithExpectedResult()
]]></system-out>
    <system-err><![CDATA[[main] INFO io.github.bonigarcia.wdm.WebDriverManager - Using msedgedriver 113.0.1774.57 (resolved driver for Edge 113)
[main] INFO io.github.bonigarcia.wdm.WebDriverManager - Exporting webdriver.edge.driver as C:\Users\Abhishek_Gupta3\.cache\selenium\msedgedriver\win64\113.0.1774.57\msedgedriver.exe
Starting Microsoft Edge WebDriver 113.0.1774.57 (b3b212deff59d422d4ce9487f276cb0e0d352835) on port 11359
To submit feedback, report a bug, or suggest new features, please visit https://github.com/MicrosoftEdge/EdgeWebDriver

Only local connections are allowed.
Please see https://aka.ms/WebDriverSecurity for suggestions on keeping Microsoft Edge WebDriver safe.

Microsoft Edge WebDriver was started successfully.
[main] INFO stepdefinitions.Hooks - ================ BEFORE ALL ================
[main] INFO stepdefinitions.Hooks - Starting Edge Driver: 
[main] INFO stepdefinitions.Hooks - ******************************************************
[main] INFO stepdefinitions.Hooks - ScenarioSearch Meter number
[main] INFO stepdefinitions.Hooks - ScenarioSearch Meter number
[main] INFO stepdefinitions.Hooks - ==============Test Completed============
[main] INFO stepdefinitions.Hooks - Scenario : 'Search Meter number' has status PASSED
[main] INFO stepdefinitions.Hooks -  Scenario : Search Meter number
]]></system-err>
  </testcase>
  <testcase name="Search Meter number #3" classname="Send ping issue command" time="9.86">
    <system-out><![CDATA[
Scenario Outline: Search Meter number                 # src/test/resources/features/Ping.feature:20
Launching edge browser...

    Open the browser Edge Browser :

  Given open the browser                              # stepdefinitions.PingStepdefs.openTheBrowser()

    Meter Row 3


    Meter Number 345678


    Meter Name AB

  When search from Information and 2 for meter number # stepdefinitions.PingStepdefs.searchFromAndForMeterNumber(java.lang.String,java.lang.Integer)

    Meter Information for meter number :

  Then Appeared with expected result                  # stepdefinitions.PingStepdefs.appearedWithExpectedResult()
]]></system-out>
    <system-err><![CDATA[[main] INFO io.github.bonigarcia.wdm.WebDriverManager - Using msedgedriver 113.0.1774.57 (resolved driver for Edge 113)
[main] INFO io.github.bonigarcia.wdm.WebDriverManager - Exporting webdriver.edge.driver as C:\Users\Abhishek_Gupta3\.cache\selenium\msedgedriver\win64\113.0.1774.57\msedgedriver.exe
Starting Microsoft Edge WebDriver 113.0.1774.57 (b3b212deff59d422d4ce9487f276cb0e0d352835) on port 30153
To submit feedback, report a bug, or suggest new features, please visit https://github.com/MicrosoftEdge/EdgeWebDriver

Only local connections are allowed.
Please see https://aka.ms/WebDriverSecurity for suggestions on keeping Microsoft Edge WebDriver safe.

Microsoft Edge WebDriver was started successfully.
[main] INFO stepdefinitions.Hooks - ================ BEFORE ALL ================
[main] INFO stepdefinitions.Hooks - Starting Edge Driver: 
[main] INFO stepdefinitions.Hooks - ******************************************************
[main] INFO stepdefinitions.Hooks - ScenarioSearch Meter number
[main] INFO stepdefinitions.Hooks - ScenarioSearch Meter number
[main] INFO stepdefinitions.Hooks - ==============Test Completed============
[main] INFO stepdefinitions.Hooks - Scenario : 'Search Meter number' has status PASSED
[main] INFO stepdefinitions.Hooks -  Scenario : Search Meter number
]]></system-err>
  </testcase>
</testsuite>