<?xml version="1.0" encoding="UTF-8"?>
<!-- Generated by org.testng.reporters.JUnitReportReporter -->
<testsuite hostname="EPHKHONW0042" failures="0" tests="2" name="runners.TestRunner" time="12.588" errors="0" timestamp="2023-05-15T13:42:05 IST" skipped="0">
  <testcase classname="runners.TestRunner" name="runScenario" time="8.086"/>
  <system-out/>
  <testcase classname="runners.TestRunner" name="runScenario" time="4.502"/>
  <system-out/>
</testsuite> <!-- runners.TestRunner -->
