<?xml version="1.0" encoding="UTF-8"?>
<!-- Generated by org.testng.reporters.JUnitReportReporter -->
<testsuite hostname="EPHKHONW0042" failures="0" tests="2" name="runners.TestRunner" time="13.112" errors="0" timestamp="2023-05-15T14:10:24 IST" skipped="0">
  <testcase classname="runners.TestRunner" name="runScenario" time="8.268"/>
  <system-out/>
  <testcase classname="runners.TestRunner" name="runScenario" time="4.844"/>
  <system-out/>
</testsuite> <!-- runners.TestRunner -->
