<?xml version="1.0" encoding="UTF-8"?>
<!-- Generated by org.testng.reporters.JUnitReportReporter -->
<testsuite hostname="EPHKHONW0042" failures="0" tests="2" name="runners.TestRunner" time="11.403" errors="0" timestamp="2023-05-15T19:31:15 IST" skipped="0">
  <testcase classname="runners.TestRunner" name="runScenario" time="4.956"/>
  <system-out/>
  <testcase classname="runners.TestRunner" name="runScenario" time="6.447"/>
  <system-out/>
</testsuite> <!-- runners.TestRunner -->
